<?xml version="1.0" encoding="UTF-8"?>
<!-- Generated by org.testng.reporters.JUnitReportReporter -->
<testsuite hostname="QA" failures="0" tests="1" name="tests.BaseTest" time="5.562" errors="0" timestamp="2025-07-17T00:34:15 IST" skipped="0">
  <testcase classname="tests.BaseTest" name="setUp" time="5.562"/>
</testsuite> <!-- tests.BaseTest -->
